<?xml version="1.0" encoding="UTF-8"?>
<testng-results skipped="0" failed="0" ignored="0" total="1" passed="1">
  <reporter-output>
  </reporter-output>
  <suite name="netBankingSample" duration-ms="39528" started-at="2020-08-02T18:03:25 IST" finished-at="2020-08-02T18:04:05 IST">
    <groups>
    </groups>
    <test name="netBankingSampleTest" duration-ms="39528" started-at="2020-08-02T18:03:25 IST" finished-at="2020-08-02T18:04:05 IST">
      <class name="com.netBankingSample.testCases.TC_AddCustomerTest_003">
        <test-method status="PASS" signature="setup(java.lang.String)[pri:0, instance:com.netBankingSample.testCases.TC_AddCustomerTest_003@536aaa8d]" name="setup" is-config="true" duration-ms="12319" started-at="2020-08-02T18:03:25 IST" finished-at="2020-08-02T18:03:38 IST">
          <params>
            <param index="0">
              <value>
                <![CDATA[chrome]]>
              </value>
            </param>
          </params>
          <reporter-output>
          </reporter-output>
        </test-method> <!-- setup -->
        <test-method status="PASS" signature="addNewCustomer()[pri:0, instance:com.netBankingSample.testCases.TC_AddCustomerTest_003@536aaa8d]" name="addNewCustomer" duration-ms="25898" started-at="2020-08-02T18:03:38 IST" finished-at="2020-08-02T18:04:04 IST">
          <reporter-output>
          </reporter-output>
        </test-method> <!-- addNewCustomer -->
        <test-method status="PASS" signature="tearDown()[pri:0, instance:com.netBankingSample.testCases.TC_AddCustomerTest_003@536aaa8d]" name="tearDown" is-config="true" duration-ms="1086" started-at="2020-08-02T18:04:04 IST" finished-at="2020-08-02T18:04:05 IST">
          <reporter-output>
          </reporter-output>
        </test-method> <!-- tearDown -->
      </class> <!-- com.netBankingSample.testCases.TC_AddCustomerTest_003 -->
    </test> <!-- netBankingSampleTest -->
  </suite> <!-- netBankingSample -->
</testng-results>
